<?xml version="1.0" encoding="UTF-8"?>
<!-- Generated by org.testng.reporters.JUnitReportReporter -->
<testsuite hostname="LT-5CD037JWRY" failures="0" tests="3" name="test.Deals" time="144.439" errors="0" timestamp="2022-05-13T11:49:32 IST" skipped="0">
  <testcase classname="test.Deals" name="before" time="15.112"/>
  <system-out/>
  <testcase classname="test.Deals" name="Runner" time="125.184"/>
  <system-out/>
  <testcase classname="test.Deals" name="closebrowser" time="4.143"/>
  <system-out/>
</testsuite> <!-- test.Deals -->
