<?xml version="1.0" encoding="UTF-8"?>
<!-- Generated by org.testng.reporters.JUnitReportReporter -->
<testsuite hostname="LT-5CD037JWRY" failures="0" tests="25" name="test.AdsThemes" time="1405.761" errors="0" timestamp="2022-05-05T10:18:02 IST" skipped="0">
  <testcase classname="test.AdsThemes" name="verifyAdsIc" time="20.528"/>
  <system-out/>
  <testcase classname="test.AdsThemes" name="verifyThemes" time="185.335"/>
  <system-out/>
  <testcase classname="test.AdsThemes" name="verifyAdvancedMaterials" time="110.365"/>
  <system-out/>
  <testcase classname="test.AdsThemes" name="verifyArtificialIntelligence" time="114.270"/>
  <system-out/>
  <testcase classname="test.AdsThemes" name="verifyAugmentedReality" time="186.188"/>
  <system-out/>
  <testcase classname="test.AdsThemes" name="verifyBatteries" time="60.555"/>
  <system-out/>
  <testcase classname="test.AdsThemes" name="verifyBigdata" time="92.525"/>
  <system-out/>
  <testcase classname="test.AdsThemes" name="verifyBlockchain" time="103.661"/>
  <system-out/>
  <testcase classname="test.AdsThemes" name="verifycloud" time="102.842"/>
  <system-out/>
  <testcase classname="test.AdsThemes" name="verifycomputervision" time="61.804"/>
  <system-out/>
  <testcase classname="test.AdsThemes" name="verifycybersecurity" time="54.310"/>
  <system-out/>
  <testcase classname="test.AdsThemes" name="verifyDirectedEnergyWeapons" time="56.033"/>
  <system-out/>
  <testcase classname="test.AdsThemes" name="verifyDrones" time="63.888"/>
  <system-out/>
  <testcase classname="test.AdsThemes" name="verifyElectricaircraft" time="45.140"/>
  <system-out/>
  <testcase classname="test.AdsThemes" name="verifyhypersonicTechnologies" time="52.068"/>
  <system-out/>
  <testcase classname="test.AdsThemes" name="verifyinternetofthings" time="22.318"/>
  <system-out/>
  <testcase classname="test.AdsThemes" name="verifyquantumComputing" time="14.831"/>
  <system-out/>
  <testcase classname="test.AdsThemes" name="verifyrobotics" time="12.343"/>
  <system-out/>
  <testcase classname="test.AdsThemes" name="verifysoftwareDefinedEverything" time="8.880"/>
  <system-out/>
  <testcase classname="test.AdsThemes" name="verifyspaceSystems" time="10.967"/>
  <system-out/>
  <testcase classname="test.AdsThemes" name="verifyvirtualReality" time="8.945"/>
  <system-out/>
  <testcase classname="test.AdsThemes" name="verifychinaimpact" time="5.207"/>
  <system-out/>
  <testcase classname="test.AdsThemes" name="verifycovid19" time="4.666"/>
  <system-out/>
  <testcase classname="test.AdsThemes" name="verifyEsgEnvironmental" time="4.430"/>
  <system-out/>
  <testcase classname="test.AdsThemes" name="verifyEsgGovernance" time="3.662"/>
  <system-out/>
</testsuite> <!-- test.AdsThemes -->
