<?xml version="1.0" encoding="UTF-8"?>
<!-- Generated by org.testng.reporters.JUnitReportReporter -->
<testsuite hostname="LT-5CD037JWRY" failures="0" tests="27" name="test.Publicsector" time="233.343" errors="0" timestamp="2022-05-10T17:08:51 IST" skipped="0">
  <testcase classname="test.Publicsector" name="verifypublicsector" time="15.910"/>
  <system-out/>
  <testcase classname="test.Publicsector" name="verifyorganisation" time="9.479"/>
  <system-out/>
  <testcase classname="test.Publicsector" name="verifysupplier" time="4.026"/>
  <system-out/>
  <testcase classname="test.Publicsector" name="verifysector" time="5.084"/>
  <system-out/>
  <testcase classname="test.Publicsector" name="verifyEducation" time="3.711"/>
  <system-out/>
  <testcase classname="test.Publicsector" name="verifyHealthcare" time="3.582"/>
  <system-out/>
  <testcase classname="test.Publicsector" name="verifyTransport" time="3.544"/>
  <system-out/>
  <testcase classname="test.Publicsector" name="verifyLocalGovernment" time="3.612"/>
  <system-out/>
  <testcase classname="test.Publicsector" name="verifyPolice" time="3.406"/>
  <system-out/>
  <testcase classname="test.Publicsector" name="verifyUtilities" time="3.560"/>
  <system-out/>
  <testcase classname="test.Publicsector" name="verifyRegulatoryBodies" time="3.401"/>
  <system-out/>
  <testcase classname="test.Publicsector" name="verifyNonProfitOrganizations" time="3.401"/>
  <system-out/>
  <testcase classname="test.Publicsector" name="verifyDatabase" time="5.708"/>
  <system-out/>
  <testcase classname="test.Publicsector" name="verifyPreProcurement" time="7.596"/>
  <system-out/>
  <testcase classname="test.Publicsector" name="verifyMarketanalyzers" time="4.023"/>
  <system-out/>
  <testcase classname="test.Publicsector" name="verifymarketdashboard" time="29.434"/>
  <system-out/>
  <testcase classname="test.Publicsector" name="veriycityeconomics" time="8.221"/>
  <system-out/>
  <testcase classname="test.Publicsector" name="veriycityprofile" time="4.675"/>
  <system-out/>
  <testcase classname="test.Publicsector" name="verifyAnalysis" time="4.655"/>
  <system-out/>
  <testcase classname="test.Publicsector" name="verifySupplierAnalysis" time="4.076"/>
  <system-out/>
  <testcase classname="test.Publicsector" name="verifyInsideandTrends" time="4.543"/>
  <system-out/>
  <testcase classname="test.Publicsector" name="verifyModelsandForecasts" time="4.282"/>
  <system-out/>
  <testcase classname="test.Publicsector" name="verifySectorAnalysis" time="4.555"/>
  <system-out/>
  <testcase classname="test.Publicsector" name="verifyNews" time="4.125"/>
  <system-out/>
  <testcase classname="test.Publicsector" name="veriyconsultingService" time="24.606"/>
  <system-out/>
  <testcase classname="test.Publicsector" name="veriydirectdataService" time="5.506"/>
  <system-out/>
  <testcase classname="test.Publicsector" name="veriyWebinar" time="54.622"/>
  <system-out/>
</testsuite> <!-- test.Publicsector -->
