<?xml version="1.0" encoding="UTF-8"?>
<!-- Generated by org.testng.reporters.JUnitReportReporter -->
<testsuite hostname="LT-5CD037JWRY" failures="0" tests="18" name="test.cityProfiles" time="726.896" errors="0" timestamp="2022-05-11T14:16:22 IST" skipped="0">
  <testcase classname="test.cityProfiles" name="before" time="28.966"/>
  <system-out/>
  <testcase classname="test.cityProfiles" name="Runner" time="91.969"/>
  <system-out/>
  <testcase classname="test.cityProfiles" name="Runner" time="27.056"/>
  <system-out/>
  <testcase classname="test.cityProfiles" name="Runner" time="33.341"/>
  <system-out/>
  <testcase classname="test.cityProfiles" name="Runner" time="28.191"/>
  <system-out/>
  <testcase classname="test.cityProfiles" name="Runner" time="27.964"/>
  <system-out/>
  <testcase classname="test.cityProfiles" name="Runner" time="37.004"/>
  <system-out/>
  <testcase classname="test.cityProfiles" name="Runner" time="37.667"/>
  <system-out/>
  <testcase classname="test.cityProfiles" name="Runner" time="23.704"/>
  <system-out/>
  <testcase classname="test.cityProfiles" name="Runner" time="24.213"/>
  <system-out/>
  <testcase classname="test.cityProfiles" name="Runner" time="30.547"/>
  <system-out/>
  <testcase classname="test.cityProfiles" name="Runner" time="23.236"/>
  <system-out/>
  <testcase classname="test.cityProfiles" name="Runner" time="78.741"/>
  <system-out/>
  <testcase classname="test.cityProfiles" name="Runner" time="24.587"/>
  <system-out/>
  <testcase classname="test.cityProfiles" name="Runner" time="97.294"/>
  <system-out/>
  <testcase classname="test.cityProfiles" name="Runner" time="29.637"/>
  <system-out/>
  <testcase classname="test.cityProfiles" name="Runner" time="82.278"/>
  <system-out/>
  <testcase classname="test.cityProfiles" name="closebrowser" time="0.501"/>
  <system-out/>
</testsuite> <!-- test.cityProfiles -->
