<?xml version="1.0" encoding="UTF-8"?>
<!-- Generated by org.testng.reporters.JUnitReportReporter -->
<testsuite hostname="LT-5CD037JWRY" failures="0" tests="19" name="test.Testing" time="419.797" errors="0" timestamp="2022-04-08T16:37:29 IST" skipped="0">
  <testcase classname="test.Testing" name="clickonaerospace" time="16.205"/>
  <system-out/>
  <testcase classname="test.Testing" name="clickonapparel" time="11.019"/>
  <system-out/>
  <testcase classname="test.Testing" name="clickonautomotive" time="13.207"/>
  <system-out/>
  <testcase classname="test.Testing" name="clickonbankingandpayment" time="24.943"/>
  <system-out/>
  <testcase classname="test.Testing" name="clickonconstruction" time="18.396"/>
  <system-out/>
  <testcase classname="test.Testing" name="clickonconsumer" time="29.493"/>
  <system-out/>
  <testcase classname="test.Testing" name="clickonfoodservice" time="21.287"/>
  <system-out/>
  <testcase classname="test.Testing" name="clickonhealthcare" time="111.347"/>
  <system-out/>
  <testcase classname="test.Testing" name="clickoninsurance" time="8.051"/>
  <system-out/>
  <testcase classname="test.Testing" name="clickonmedical" time="8.173"/>
  <system-out/>
  <testcase classname="test.Testing" name="clickonmining" time="8.700"/>
  <system-out/>
  <testcase classname="test.Testing" name="clickonoilandgas" time="10.347"/>
  <system-out/>
  <testcase classname="test.Testing" name="clickonpackaging" time="17.175"/>
  <system-out/>
  <testcase classname="test.Testing" name="clickonpharma" time="10.446"/>
  <system-out/>
  <testcase classname="test.Testing" name="clickonpower" time="7.687"/>
  <system-out/>
  <testcase classname="test.Testing" name="clickonretail" time="18.578"/>
  <system-out/>
  <testcase classname="test.Testing" name="clickonsport" time="58.910"/>
  <system-out/>
  <testcase classname="test.Testing" name="clickontechnology" time="16.166"/>
  <system-out/>
  <testcase classname="test.Testing" name="clickontraval" time="9.667"/>
  <system-out/>
</testsuite> <!-- test.Testing -->
