<?xml version="1.0" encoding="UTF-8"?>
<!-- Generated by org.testng.reporters.JUnitReportReporter -->
<testsuite hostname="LT-5CD037JWRY" failures="0" tests="18" name="Marketline.Analysis" time="83.201" errors="0" timestamp="2022-06-13T08:28:27 IST" skipped="0">
  <testcase classname="Marketline.Analysis" name="verify_industryprofile" time="8.808"/>
  <system-out/>
  <testcase classname="Marketline.Analysis" name="verify_industryprofilearchive" time="3.714"/>
  <system-out/>
  <testcase classname="Marketline.Analysis" name="verify_industrychartbook" time="5.386"/>
  <system-out/>
  <testcase classname="Marketline.Analysis" name="verify_industrycasestudies" time="4.840"/>
  <system-out/>
  <testcase classname="Marketline.Analysis" name="verify_valueandsupplychainanalysis" time="3.734"/>
  <system-out/>
  <testcase classname="Marketline.Analysis" name="verify_componyanalysis" time="8.972"/>
  <system-out/>
  <testcase classname="Marketline.Analysis" name="verify_companycasestudies" time="4.355"/>
  <system-out/>
  <testcase classname="Marketline.Analysis" name="verify_ThemeReports" time="4.278"/>
  <system-out/>
  <testcase classname="Marketline.Analysis" name="verify_casestudiesarchives" time="3.700"/>
  <system-out/>
  <testcase classname="Marketline.Analysis" name="verify_countriescities" time="3.821"/>
  <system-out/>
  <testcase classname="Marketline.Analysis" name="verify_countryriskreports" time="3.549"/>
  <system-out/>
  <testcase classname="Marketline.Analysis" name="verify_cityprofile" time="6.536"/>
  <system-out/>
  <testcase classname="Marketline.Analysis" name="verify_countrychartbook" time="4.197"/>
  <system-out/>
  <testcase classname="Marketline.Analysis" name="verify_citychartbook" time="3.238"/>
  <system-out/>
  <testcase classname="Marketline.Analysis" name="verify_analystinsights" time="3.621"/>
  <system-out/>
  <testcase classname="Marketline.Analysis" name="verify_Interactivemodels" time="3.082"/>
  <system-out/>
  <testcase classname="Marketline.Analysis" name="verify_Industrychartbook" time="3.537"/>
  <system-out/>
  <testcase classname="Marketline.Analysis" name="verify_companychartbook" time="3.833"/>
  <system-out/>
</testsuite> <!-- Marketline.Analysis -->
