<?xml version="1.0" encoding="UTF-8"?>
<!-- Generated by org.testng.reporters.JUnitReportReporter -->
<testsuite hostname="LT-5CD037JWRY" failures="0" tests="20" name="test.Covid" time="371.266" errors="0" timestamp="2022-06-13T11:51:42 IST" skipped="0">
  <testcase classname="test.Covid" name="verifycovidIc" time="42.258"/>
  <system-out/>
  <testcase classname="test.Covid" name="verifycompanies" time="9.278"/>
  <system-out/>
  <testcase classname="test.Covid" name="verifypatents" time="39.374"/>
  <system-out/>
  <testcase classname="test.Covid" name="verifysectorDatabase" time="13.299"/>
  <system-out/>
  <testcase classname="test.Covid" name="clinicaltrailsector" time="6.505"/>
  <system-out/>
  <testcase classname="test.Covid" name="verifyInvestigatorssector" time="13.469"/>
  <system-out/>
  <testcase classname="test.Covid" name="verifyRegulatoryMilestones" time="6.878"/>
  <system-out/>
  <testcase classname="test.Covid" name="verifyCatalystCalendar" time="6.017"/>
  <system-out/>
  <testcase classname="test.Covid" name="verifydigitalInnovationsSector" time="25.748"/>
  <system-out/>
  <testcase classname="test.Covid" name="verifyDealsSector" time="23.861"/>
  <system-out/>
  <testcase classname="test.Covid" name="verifycompanyfilinganalyticsbeta" time="5.199"/>
  <system-out/>
  <testcase classname="test.Covid" name="verifyEpidemiologicalIndicators" time="27.411"/>
  <system-out/>
  <testcase classname="test.Covid" name="verifyCOVID19SpreadMap" time="31.698"/>
  <system-out/>
  <testcase classname="test.Covid" name="verifyCovid19Gallery" time="25.844"/>
  <system-out/>
  <testcase classname="test.Covid" name="VrerifyCovid19CountryDashboard" time="16.520"/>
  <system-out/>
  <testcase classname="test.Covid" name="VrerifyInfectiousDiseasesInfluencers" time="31.097"/>
  <system-out/>
  <testcase classname="test.Covid" name="VrerifyCoronavirusInfluencers" time="27.552"/>
  <system-out/>
  <testcase classname="test.Covid" name="verifyAnalysis" time="7.704"/>
  <system-out/>
  <testcase classname="test.Covid" name="verifyNews" time="5.469"/>
  <system-out/>
  <testcase classname="test.Covid" name="verifyService" time="6.085"/>
  <system-out/>
</testsuite> <!-- test.Covid -->
