<?xml version="1.0" encoding="UTF-8"?>
<!-- Generated by org.testng.reporters.JUnitReportReporter -->
<testsuite hostname="LT-5CD037JWRY" failures="0" tests="27" name="test.Publicsector" time="217.122" errors="0" timestamp="2022-06-06T09:54:32 IST" skipped="0">
  <testcase classname="test.Publicsector" name="verifypublicsector" time="21.463"/>
  <system-out/>
  <testcase classname="test.Publicsector" name="verifyorganisation" time="10.760"/>
  <system-out/>
  <testcase classname="test.Publicsector" name="verifysupplier" time="4.430"/>
  <system-out/>
  <testcase classname="test.Publicsector" name="verifysector" time="6.624"/>
  <system-out/>
  <testcase classname="test.Publicsector" name="verifyEducation" time="3.416"/>
  <system-out/>
  <testcase classname="test.Publicsector" name="verifyHealthcare" time="3.684"/>
  <system-out/>
  <testcase classname="test.Publicsector" name="verifyTransport" time="3.395"/>
  <system-out/>
  <testcase classname="test.Publicsector" name="verifyLocalGovernment" time="3.419"/>
  <system-out/>
  <testcase classname="test.Publicsector" name="verifyPolice" time="3.506"/>
  <system-out/>
  <testcase classname="test.Publicsector" name="verifyUtilities" time="3.455"/>
  <system-out/>
  <testcase classname="test.Publicsector" name="verifyRegulatoryBodies" time="3.413"/>
  <system-out/>
  <testcase classname="test.Publicsector" name="verifyNonProfitOrganizations" time="3.468"/>
  <system-out/>
  <testcase classname="test.Publicsector" name="verifyDatabase" time="6.312"/>
  <system-out/>
  <testcase classname="test.Publicsector" name="verifyPreProcurement" time="6.665"/>
  <system-out/>
  <testcase classname="test.Publicsector" name="verifyMarketanalyzers" time="7.251"/>
  <system-out/>
  <testcase classname="test.Publicsector" name="verifymarketdashboard" time="7.570"/>
  <system-out/>
  <testcase classname="test.Publicsector" name="veriycityeconomics" time="11.767"/>
  <system-out/>
  <testcase classname="test.Publicsector" name="veriycityprofile" time="10.676"/>
  <system-out/>
  <testcase classname="test.Publicsector" name="verifyAnalysis" time="9.585"/>
  <system-out/>
  <testcase classname="test.Publicsector" name="verifySupplierAnalysis" time="3.995"/>
  <system-out/>
  <testcase classname="test.Publicsector" name="verifyInsideandTrends" time="11.942"/>
  <system-out/>
  <testcase classname="test.Publicsector" name="verifyModelsandForecasts" time="4.835"/>
  <system-out/>
  <testcase classname="test.Publicsector" name="verifySectorAnalysis" time="4.540"/>
  <system-out/>
  <testcase classname="test.Publicsector" name="verifyNews" time="10.657"/>
  <system-out/>
  <testcase classname="test.Publicsector" name="veriyconsultingService" time="13.254"/>
  <system-out/>
  <testcase classname="test.Publicsector" name="veriydirectdataService" time="5.241"/>
  <system-out/>
  <testcase classname="test.Publicsector" name="veriyWebinar" time="31.799"/>
  <system-out/>
</testsuite> <!-- test.Publicsector -->
