<?xml version="1.0" encoding="UTF-8"?>
<!-- Generated by org.testng.reporters.JUnitReportReporter -->
<testsuite hostname="LT-5CD037JWRY" failures="0" tests="6" name="Marketline.DatabasesIndustry" time="51.109" errors="0" timestamp="2022-06-06T18:13:05 IST" skipped="0">
  <testcase classname="Marketline.DatabasesIndustry" name="verify_industryprofile" time="12.958"/>
  <system-out/>
  <testcase classname="Marketline.DatabasesIndustry" name="verify_valuesdashboard" time="11.252"/>
  <system-out/>
  <testcase classname="Marketline.DatabasesIndustry" name="verify_Volumedashboard" time="8.553"/>
  <system-out/>
  <testcase classname="Marketline.DatabasesIndustry" name="verify_Segmentationdashboard" time="3.216"/>
  <system-out/>
  <testcase classname="Marketline.DatabasesIndustry" name="verify_industrydata" time="7.489"/>
  <system-out/>
  <testcase classname="Marketline.DatabasesIndustry" name="verify_consumerdataanalytics" time="7.641"/>
  <system-out/>
</testsuite> <!-- Marketline.DatabasesIndustry -->
