<?xml version="1.0" encoding="UTF-8"?>
<!-- Generated by org.testng.reporters.JUnitReportReporter -->
<testsuite hostname="LT-5CD037JWRY" failures="0" tests="16" name="test.Deals" time="1825.860" errors="0" timestamp="2022-06-13T09:25:49 IST" skipped="0">
  <testcase classname="test.Deals" name="before" time="13.019"/>
  <system-out/>
  <testcase classname="test.Deals" name="Runner" time="137.477"/>
  <system-out/>
  <testcase classname="test.Deals" name="Runner" time="127.716"/>
  <system-out/>
  <testcase classname="test.Deals" name="Runner" time="86.930"/>
  <system-out/>
  <testcase classname="test.Deals" name="Runner" time="156.876"/>
  <system-out/>
  <testcase classname="test.Deals" name="Runner" time="140.487"/>
  <system-out/>
  <testcase classname="test.Deals" name="Runner" time="188.492"/>
  <system-out/>
  <testcase classname="test.Deals" name="Runner" time="105.055"/>
  <system-out/>
  <testcase classname="test.Deals" name="Runner" time="100.779"/>
  <system-out/>
  <testcase classname="test.Deals" name="Runner" time="136.512"/>
  <system-out/>
  <testcase classname="test.Deals" name="Runner" time="175.064"/>
  <system-out/>
  <testcase classname="test.Deals" name="Runner" time="114.095"/>
  <system-out/>
  <testcase classname="test.Deals" name="Runner" time="115.696"/>
  <system-out/>
  <testcase classname="test.Deals" name="Runner" time="68.536"/>
  <system-out/>
  <testcase classname="test.Deals" name="Runner" time="158.998"/>
  <system-out/>
  <testcase classname="test.Deals" name="closebrowser" time="0.128"/>
  <system-out/>
</testsuite> <!-- test.Deals -->
