<?xml version="1.0" encoding="UTF-8"?>
<!-- Generated by org.testng.reporters.JUnitReportReporter -->
<testsuite hostname="LT-5CD037JWRY" failures="0" tests="2" name="Marketline.DatabasesCountriesandcities" time="12.062" errors="0" timestamp="2022-06-06T07:32:57 IST" skipped="0">
  <testcase classname="Marketline.DatabasesCountriesandcities" name="verify_Countrystatistics" time="7.940"/>
  <system-out/>
  <testcase classname="Marketline.DatabasesCountriesandcities" name="verify_Citystatistics" time="4.122"/>
  <system-out/>
</testsuite> <!-- Marketline.DatabasesCountriesandcities -->
